<?xml version="1.0" encoding="UTF-8"?>
<!-- Generated by org.testng.reporters.JUnitReportReporter -->
<testsuite hostname="Suchis-MBP" failures="0" tests="1" name="FindingeventsTest" time="11.661" errors="0" timestamp="01 Jul 2018 23:25:16 GMT" skipped="0">
  <testcase classname="FindingeventsTest" name="f" time="11.661"/>
</testsuite> <!-- FindingeventsTest -->
