<?xml version="1.0" encoding="UTF-8"?>
<!-- Generated by org.testng.reporters.JUnitReportReporter -->
<testsuite hostname="Suchis-MBP" failures="0" tests="2" name="BAT.JSTest" time="19.787" errors="0" timestamp="16 Jul 2018 00:43:05 GMT" skipped="0">
  <testcase classname="BAT.JSTest" name="testIfLoggedIn" time="14.476"/>
  <testcase classname="BAT.JSTest" name="testForConsoleErrors" time="5.311"/>
</testsuite> <!-- BAT.JSTest -->
