<?xml version="1.0" encoding="UTF-8"?>
<!-- Generated by org.testng.reporters.JUnitReportReporter -->
<testsuite hostname="Suchis-MBP" failures="0" tests="2" name="JSTest" time="27.530" errors="0" timestamp="03 Jul 2018 16:13:26 GMT" skipped="0">
  <testcase classname="JSTest" name="testForConsoleErrors" time="20.933"/>
  <testcase classname="JSTest" name="testIfLoggedIn" time="6.597"/>
</testsuite> <!-- JSTest -->
