<?xml version="1.0" encoding="UTF-8"?>
<!-- Generated by org.testng.reporters.JUnitReportReporter -->
<testsuite hostname="Suchis-MBP.localdomain" failures="0" tests="2" name="test.java.BAT.JSTest" time="6.566" errors="0" timestamp="20 Jul 2018 22:34:32 GMT" skipped="0">
  <testcase classname="test.java.BAT.JSTest" name="testIfLoggedIn" time="3.372"/>
  <testcase classname="test.java.BAT.JSTest" name="testForConsoleErrors" time="3.194"/>
</testsuite> <!-- test.java.BAT.JSTest -->
