<?xml version="1.0" encoding="UTF-8"?>
<!-- Generated by org.testng.reporters.JUnitReportReporter -->
<testsuite hostname="Suchis-MBP" failures="0" tests="1" name="LoginTest" time="9.409" errors="0" timestamp="01 Jul 2018 22:49:07 GMT" skipped="0">
  <testcase classname="LoginTest" name="f" time="9.409"/>
</testsuite> <!-- LoginTest -->
