<?xml version="1.0" encoding="UTF-8"?>
<!-- Generated by org.testng.reporters.JUnitReportReporter -->
<testsuite hostname="Suchis-MBP.localdomain" failures="0" tests="1" name="test.java.BAT.FindingeventsTest" time="9.100" errors="0" timestamp="20 Jul 2018 22:34:31 GMT" skipped="0">
  <testcase classname="test.java.BAT.FindingeventsTest" name="f" time="9.100"/>
</testsuite> <!-- test.java.BAT.FindingeventsTest -->
