<?xml version="1.0" encoding="UTF-8"?>
<!-- Generated by org.testng.reporters.JUnitReportReporter -->
<testsuite hostname="Suchis-MBP.localdomain" failures="0" tests="1" name="BAT.LoginTest" time="9.191" errors="0" timestamp="09 Jul 2018 17:00:19 GMT" skipped="0">
  <testcase classname="BAT.LoginTest" name="f" time="9.191"/>
</testsuite> <!-- BAT.LoginTest -->
