<?xml version="1.0" encoding="UTF-8"?>
<!-- Generated by org.testng.reporters.JUnitReportReporter -->
<testsuite hostname="Suchis-MBP.localdomain" failures="0" tests="1" name="BAT.FindingeventsTest" time="10.390" errors="0" timestamp="09 Jul 2018 17:50:49 GMT" skipped="0">
  <testcase classname="BAT.FindingeventsTest" name="f" time="10.390"/>
</testsuite> <!-- BAT.FindingeventsTest -->
