<?xml version="1.0" encoding="UTF-8"?>
<!-- Generated by org.testng.reporters.JUnitReportReporter -->
<testsuite hostname="Suchis-MacBook-Pro.local" failures="0" tests="1" name="test.java.BAT.FindingeventsTest" time="1.361" errors="0" timestamp="24 Jul 2018 04:55:14 GMT">
  <testcase classname="test.java.BAT.FindingeventsTest" name="f" time="1.361"/>
</testsuite>
